2025-02-18 18:44:21,350 [INFO] sqlalchemy.engine.Engine:2690 - BEGIN (implicit)
2025-02-18 18:44:21,350 [INFO] sqlalchemy.engine.Engine:1848 - PRAGMA main.table_info("notes")
2025-02-18 18:44:21,350 [INFO] sqlalchemy.engine.Engine:1848 - [raw sql] ()
2025-02-18 18:44:21,350 [INFO] sqlalchemy.engine.Engine:1848 - PRAGMA temp.table_info("notes")
2025-02-18 18:44:21,350 [INFO] sqlalchemy.engine.Engine:1848 - [raw sql] ()
2025-02-18 18:44:21,351 [INFO] sqlalchemy.engine.Engine:1848 - PRAGMA main.table_info("pages")
2025-02-18 18:44:21,351 [INFO] sqlalchemy.engine.Engine:1848 - [raw sql] ()
2025-02-18 18:44:21,351 [INFO] sqlalchemy.engine.Engine:1848 - PRAGMA temp.table_info("pages")
2025-02-18 18:44:21,351 [INFO] sqlalchemy.engine.Engine:1848 - [raw sql] ()
2025-02-18 18:44:21,351 [INFO] sqlalchemy.engine.Engine:1848 - 
CREATE TABLE notes (
	id INTEGER NOT NULL, 
	title VARCHAR(100) NOT NULL, 
	main_category VARCHAR(50) NOT NULL, 
	sub_category VARCHAR(50) NOT NULL, 
	created_at DATETIME, 
	updated_at DATETIME, 
	PRIMARY KEY (id)
)


2025-02-18 18:44:21,351 [INFO] sqlalchemy.engine.Engine:1848 - [no key 0.00005s] ()
2025-02-18 18:44:21,353 [INFO] sqlalchemy.engine.Engine:1848 - 
CREATE TABLE pages (
	id INTEGER NOT NULL, 
	note_id INTEGER NOT NULL, 
	page_number INTEGER NOT NULL, 
	content TEXT, 
	layout_settings JSON, 
	PRIMARY KEY (id), 
	FOREIGN KEY(note_id) REFERENCES notes (id)
)


2025-02-18 18:44:21,353 [INFO] sqlalchemy.engine.Engine:1848 - [no key 0.00011s] ()
2025-02-18 18:44:21,354 [INFO] sqlalchemy.engine.Engine:2696 - COMMIT
2025-02-18 18:44:22,074 [INFO] werkzeug:97 - [31m[1mWARNING: This is a development server. Do not use it in a production deployment. Use a production WSGI server instead.[0m
 * Running on http://127.0.0.1:5001
2025-02-18 18:44:22,074 [INFO] werkzeug:97 - [33mPress CTRL+C to quit[0m
2025-02-18 18:44:22,075 [INFO] werkzeug:97 -  * Restarting with stat
2025-02-18 18:44:22,840 [INFO] sqlalchemy.engine.Engine:2690 - BEGIN (implicit)
2025-02-18 18:44:22,841 [INFO] sqlalchemy.engine.Engine:1848 - PRAGMA main.table_info("notes")
2025-02-18 18:44:22,841 [INFO] sqlalchemy.engine.Engine:1848 - [raw sql] ()
2025-02-18 18:44:22,841 [INFO] sqlalchemy.engine.Engine:1848 - PRAGMA main.table_info("pages")
2025-02-18 18:44:22,841 [INFO] sqlalchemy.engine.Engine:1848 - [raw sql] ()
2025-02-18 18:44:22,841 [INFO] sqlalchemy.engine.Engine:2696 - COMMIT
2025-02-18 18:44:23,556 [WARNING] werkzeug:97 -  * Debugger is active!
2025-02-18 18:44:23,578 [INFO] werkzeug:97 -  * Debugger PIN: 731-363-755
2025-02-18 18:47:23,883 [INFO] sqlalchemy.engine.Engine:2690 - BEGIN (implicit)
2025-02-18 18:47:23,883 [INFO] sqlalchemy.engine.Engine:1848 - PRAGMA main.table_info("notes")
2025-02-18 18:47:23,884 [INFO] sqlalchemy.engine.Engine:1848 - [raw sql] ()
2025-02-18 18:47:23,884 [INFO] sqlalchemy.engine.Engine:1848 - PRAGMA main.table_info("pages")
2025-02-18 18:47:23,884 [INFO] sqlalchemy.engine.Engine:1848 - [raw sql] ()
2025-02-18 18:47:23,885 [INFO] sqlalchemy.engine.Engine:2696 - COMMIT
2025-02-18 18:48:49,373 [INFO] sqlalchemy.engine.Engine:2690 - BEGIN (implicit)
2025-02-18 18:48:49,374 [INFO] sqlalchemy.engine.Engine:1848 - PRAGMA main.table_info("notes")
2025-02-18 18:48:49,374 [INFO] sqlalchemy.engine.Engine:1848 - [raw sql] ()
2025-02-18 18:48:49,374 [INFO] sqlalchemy.engine.Engine:1848 - PRAGMA main.table_info("pages")
2025-02-18 18:48:49,374 [INFO] sqlalchemy.engine.Engine:1848 - [raw sql] ()
2025-02-18 18:48:49,374 [INFO] sqlalchemy.engine.Engine:2696 - COMMIT
2025-02-18 18:48:49,833 [INFO] werkzeug:97 - [31m[1mWARNING: This is a development server. Do not use it in a production deployment. Use a production WSGI server instead.[0m
 * Running on http://127.0.0.1:5001
2025-02-18 18:48:49,833 [INFO] werkzeug:97 - [33mPress CTRL+C to quit[0m
2025-02-18 18:48:49,834 [INFO] werkzeug:97 -  * Restarting with stat
2025-02-18 18:48:50,180 [INFO] sqlalchemy.engine.Engine:2690 - BEGIN (implicit)
2025-02-18 18:48:50,180 [INFO] sqlalchemy.engine.Engine:1848 - PRAGMA main.table_info("notes")
2025-02-18 18:48:50,180 [INFO] sqlalchemy.engine.Engine:1848 - [raw sql] ()
2025-02-18 18:48:50,180 [INFO] sqlalchemy.engine.Engine:1848 - PRAGMA main.table_info("pages")
2025-02-18 18:48:50,180 [INFO] sqlalchemy.engine.Engine:1848 - [raw sql] ()
2025-02-18 18:48:50,181 [INFO] sqlalchemy.engine.Engine:2696 - COMMIT
2025-02-18 18:48:50,387 [WARNING] werkzeug:97 -  * Debugger is active!
2025-02-18 18:48:50,400 [INFO] werkzeug:97 -  * Debugger PIN: 731-363-755
2025-02-18 18:51:08,154 [INFO] sqlalchemy.orm.mapper.Mapper:2456 - (Note|notes) _post_configure_properties() started
2025-02-18 18:51:08,155 [INFO] sqlalchemy.orm.mapper.Mapper:2456 - (Note|notes) initialize prop pages
2025-02-18 18:51:08,162 [INFO] sqlalchemy.orm.relationships.RelationshipProperty:2324 - Note.pages setup primary join notes.id = pages.note_id
2025-02-18 18:51:08,163 [INFO] sqlalchemy.orm.relationships.RelationshipProperty:2325 - Note.pages setup secondary join None
2025-02-18 18:51:08,163 [INFO] sqlalchemy.orm.relationships.RelationshipProperty:2326 - Note.pages synchronize pairs [(notes.id => pages.note_id)]
2025-02-18 18:51:08,163 [INFO] sqlalchemy.orm.relationships.RelationshipProperty:2333 - Note.pages secondary synchronize pairs []
2025-02-18 18:51:08,163 [INFO] sqlalchemy.orm.relationships.RelationshipProperty:2341 - Note.pages local/remote pairs [(notes.id / pages.note_id)]
2025-02-18 18:51:08,163 [INFO] sqlalchemy.orm.relationships.RelationshipProperty:2348 - Note.pages remote columns [pages.note_id]
2025-02-18 18:51:08,163 [INFO] sqlalchemy.orm.relationships.RelationshipProperty:2353 - Note.pages local columns [notes.id]
2025-02-18 18:51:08,163 [INFO] sqlalchemy.orm.relationships.RelationshipProperty:2358 - Note.pages relationship direction RelationshipDirection.ONETOMANY
2025-02-18 18:51:08,164 [INFO] sqlalchemy.orm.strategies.LazyLoader:734 - Note.pages lazy loading clause :param_1 = pages.note_id
2025-02-18 18:51:08,165 [INFO] sqlalchemy.orm.mapper.Mapper:2456 - (Note|notes) initialize prop id
2025-02-18 18:51:08,165 [INFO] sqlalchemy.orm.mapper.Mapper:2456 - (Note|notes) initialize prop title
2025-02-18 18:51:08,165 [INFO] sqlalchemy.orm.mapper.Mapper:2456 - (Note|notes) initialize prop main_category
2025-02-18 18:51:08,165 [INFO] sqlalchemy.orm.mapper.Mapper:2456 - (Note|notes) initialize prop sub_category
2025-02-18 18:51:08,165 [INFO] sqlalchemy.orm.mapper.Mapper:2456 - (Note|notes) initialize prop created_at
2025-02-18 18:51:08,165 [INFO] sqlalchemy.orm.mapper.Mapper:2456 - (Note|notes) initialize prop updated_at
2025-02-18 18:51:08,165 [INFO] sqlalchemy.orm.mapper.Mapper:2456 - (Note|notes) _post_configure_properties() complete
2025-02-18 18:51:08,165 [INFO] sqlalchemy.orm.mapper.Mapper:2456 - (Page|pages) _post_configure_properties() started
2025-02-18 18:51:08,165 [INFO] sqlalchemy.orm.mapper.Mapper:2456 - (Page|pages) initialize prop note
2025-02-18 18:51:08,167 [INFO] sqlalchemy.orm.relationships.RelationshipProperty:2324 - Page.note setup primary join notes.id = pages.note_id
2025-02-18 18:51:08,167 [INFO] sqlalchemy.orm.relationships.RelationshipProperty:2325 - Page.note setup secondary join None
2025-02-18 18:51:08,168 [INFO] sqlalchemy.orm.relationships.RelationshipProperty:2326 - Page.note synchronize pairs [(notes.id => pages.note_id)]
2025-02-18 18:51:08,168 [INFO] sqlalchemy.orm.relationships.RelationshipProperty:2333 - Page.note secondary synchronize pairs []
2025-02-18 18:51:08,168 [INFO] sqlalchemy.orm.relationships.RelationshipProperty:2341 - Page.note local/remote pairs [(pages.note_id / notes.id)]
2025-02-18 18:51:08,168 [INFO] sqlalchemy.orm.relationships.RelationshipProperty:2348 - Page.note remote columns [notes.id]
2025-02-18 18:51:08,168 [INFO] sqlalchemy.orm.relationships.RelationshipProperty:2353 - Page.note local columns [pages.note_id]
2025-02-18 18:51:08,168 [INFO] sqlalchemy.orm.relationships.RelationshipProperty:2358 - Page.note relationship direction RelationshipDirection.MANYTOONE
2025-02-18 18:51:08,169 [INFO] sqlalchemy.orm.strategies.LazyLoader:734 - Page.note lazy loading clause notes.id = :param_1
2025-02-18 18:51:08,169 [INFO] sqlalchemy.orm.strategies.LazyLoader:760 - Page.note will use Session.get() to optimize instance loads
2025-02-18 18:51:08,179 [INFO] sqlalchemy.orm.mapper.Mapper:2456 - (Page|pages) initialize prop id
2025-02-18 18:51:08,180 [INFO] sqlalchemy.orm.mapper.Mapper:2456 - (Page|pages) initialize prop note_id
2025-02-18 18:51:08,180 [INFO] sqlalchemy.orm.mapper.Mapper:2456 - (Page|pages) initialize prop page_number
2025-02-18 18:51:08,181 [INFO] sqlalchemy.orm.mapper.Mapper:2456 - (Page|pages) initialize prop content
2025-02-18 18:51:08,181 [INFO] sqlalchemy.orm.mapper.Mapper:2456 - (Page|pages) initialize prop layout_settings
2025-02-18 18:51:08,182 [INFO] sqlalchemy.orm.mapper.Mapper:2456 - (Page|pages) _post_configure_properties() complete
2025-02-18 18:51:08,183 [INFO] sqlalchemy.engine.Engine:2690 - BEGIN (implicit)
2025-02-18 18:51:08,185 [INFO] sqlalchemy.engine.Engine:1848 - SELECT notes.id AS notes_id, notes.title AS notes_title, notes.main_category AS notes_main_category, notes.sub_category AS notes_sub_category, notes.created_at AS notes_created_at, notes.updated_at AS notes_updated_at 
FROM notes ORDER BY notes.created_at DESC
2025-02-18 18:51:08,185 [INFO] sqlalchemy.engine.Engine:1848 - [generated in 0.00015s] ()
2025-02-18 18:51:08,186 [INFO] sqlalchemy.engine.Engine:2693 - ROLLBACK
2025-02-18 18:51:08,186 [INFO] root:52 - Request method: GET
2025-02-18 18:51:08,186 [INFO] root:53 - Request headers: Host: localhost:5001
Connection: close
Sec-Ch-Ua-Platform: "macOS"
User-Agent: Mozilla/5.0 (Macintosh; Intel Mac OS X 10_15_7) AppleWebKit/537.36 (KHTML, like Gecko) Chrome/133.0.0.0 Safari/537.36
Sec-Ch-Ua: "Not(A:Brand";v="99", "Google Chrome";v="133", "Chromium";v="133"
Sec-Ch-Ua-Mobile: ?0
Accept: */*
Sec-Fetch-Site: same-origin
Sec-Fetch-Mode: cors
Sec-Fetch-Dest: empty
Referer: http://localhost:3000/
Accept-Encoding: gzip, deflate, br, zstd
Accept-Language: ja


2025-02-18 18:51:08,186 [INFO] werkzeug:97 - 127.0.0.1 - - [18/Feb/2025 18:51:08] "GET /api/notes HTTP/1.1" 200 -
2025-02-18 18:51:08,190 [INFO] sqlalchemy.engine.Engine:2690 - BEGIN (implicit)
2025-02-18 18:51:08,191 [INFO] sqlalchemy.engine.Engine:1848 - SELECT notes.id AS notes_id, notes.title AS notes_title, notes.main_category AS notes_main_category, notes.sub_category AS notes_sub_category, notes.created_at AS notes_created_at, notes.updated_at AS notes_updated_at 
FROM notes ORDER BY notes.created_at DESC
2025-02-18 18:51:08,191 [INFO] sqlalchemy.engine.Engine:1848 - [cached since 0.006164s ago] ()
2025-02-18 18:51:08,191 [INFO] sqlalchemy.engine.Engine:2693 - ROLLBACK
2025-02-18 18:51:08,191 [INFO] root:52 - Request method: GET
2025-02-18 18:51:08,191 [INFO] root:53 - Request headers: Host: localhost:5001
Connection: close
Sec-Ch-Ua-Platform: "macOS"
User-Agent: Mozilla/5.0 (Macintosh; Intel Mac OS X 10_15_7) AppleWebKit/537.36 (KHTML, like Gecko) Chrome/133.0.0.0 Safari/537.36
Sec-Ch-Ua: "Not(A:Brand";v="99", "Google Chrome";v="133", "Chromium";v="133"
Sec-Ch-Ua-Mobile: ?0
Accept: */*
Sec-Fetch-Site: same-origin
Sec-Fetch-Mode: cors
Sec-Fetch-Dest: empty
Referer: http://localhost:3000/
Accept-Encoding: gzip, deflate, br, zstd
Accept-Language: ja


2025-02-18 18:51:08,191 [INFO] werkzeug:97 - 127.0.0.1 - - [18/Feb/2025 18:51:08] "GET /api/notes HTTP/1.1" 200 -
2025-02-18 18:51:17,856 [INFO] sqlalchemy.engine.Engine:2690 - BEGIN (implicit)
2025-02-18 18:51:17,857 [INFO] sqlalchemy.engine.Engine:1848 - SELECT notes.id AS notes_id, notes.title AS notes_title, notes.main_category AS notes_main_category, notes.sub_category AS notes_sub_category, notes.created_at AS notes_created_at, notes.updated_at AS notes_updated_at 
FROM notes ORDER BY notes.created_at DESC
2025-02-18 18:51:17,857 [INFO] sqlalchemy.engine.Engine:1848 - [cached since 9.673s ago] ()
2025-02-18 18:51:17,860 [INFO] sqlalchemy.engine.Engine:2693 - ROLLBACK
2025-02-18 18:51:17,861 [INFO] root:52 - Request method: GET
2025-02-18 18:51:17,861 [INFO] root:53 - Request headers: Host: localhost:5001
Connection: close
Sec-Ch-Ua-Platform: "macOS"
User-Agent: Mozilla/5.0 (Macintosh; Intel Mac OS X 10_15_7) AppleWebKit/537.36 (KHTML, like Gecko) Chrome/133.0.0.0 Safari/537.36
Sec-Ch-Ua: "Not(A:Brand";v="99", "Google Chrome";v="133", "Chromium";v="133"
Sec-Ch-Ua-Mobile: ?0
Accept: */*
Sec-Fetch-Site: same-origin
Sec-Fetch-Mode: cors
Sec-Fetch-Dest: empty
Referer: http://localhost:3000/
Accept-Encoding: gzip, deflate, br, zstd
Accept-Language: ja
Cookie: mp_9c85fda7212d269ea46c3f6a57ba69ca_mixpanel=%7B%22distinct_id%22%3A%20%22fe77e94b-e745-45c3-a267-d0589b905428%22%2C%22%24device_id%22%3A%20%221950a075f7a5a9-034d735846e988-1c525636-2b1100-1950a075f7a5a9%22%2C%22%24initial_referrer%22%3A%20%22http%3A%2F%2Flocalhost%3A3000%2F%22%2C%22%24initial_referring_domain%22%3A%20%22localhost%3A3000%22%2C%22__mps%22%3A%20%7B%7D%2C%22__mpso%22%3A%20%7B%7D%2C%22__mpus%22%3A%20%7B%7D%2C%22__mpa%22%3A%20%7B%7D%2C%22__mpu%22%3A%20%7B%7D%2C%22__mpr%22%3A%20%5B%5D%2C%22__mpap%22%3A%20%5B%5D%2C%22%24user_id%22%3A%20%22fe77e94b-e745-45c3-a267-d0589b905428%22%7D


2025-02-18 18:51:17,862 [INFO] werkzeug:97 - 127.0.0.1 - - [18/Feb/2025 18:51:17] "GET /api/notes HTTP/1.1" 200 -
2025-02-18 18:51:17,867 [INFO] sqlalchemy.engine.Engine:2690 - BEGIN (implicit)
2025-02-18 18:51:17,868 [INFO] sqlalchemy.engine.Engine:1848 - SELECT notes.id AS notes_id, notes.title AS notes_title, notes.main_category AS notes_main_category, notes.sub_category AS notes_sub_category, notes.created_at AS notes_created_at, notes.updated_at AS notes_updated_at 
FROM notes ORDER BY notes.created_at DESC
2025-02-18 18:51:17,868 [INFO] sqlalchemy.engine.Engine:1848 - [cached since 9.683s ago] ()
2025-02-18 18:51:17,868 [INFO] sqlalchemy.engine.Engine:2693 - ROLLBACK
2025-02-18 18:51:17,869 [INFO] root:52 - Request method: GET
2025-02-18 18:51:17,869 [INFO] root:53 - Request headers: Host: localhost:5001
Connection: close
Sec-Ch-Ua-Platform: "macOS"
User-Agent: Mozilla/5.0 (Macintosh; Intel Mac OS X 10_15_7) AppleWebKit/537.36 (KHTML, like Gecko) Chrome/133.0.0.0 Safari/537.36
Sec-Ch-Ua: "Not(A:Brand";v="99", "Google Chrome";v="133", "Chromium";v="133"
Sec-Ch-Ua-Mobile: ?0
Accept: */*
Sec-Fetch-Site: same-origin
Sec-Fetch-Mode: cors
Sec-Fetch-Dest: empty
Referer: http://localhost:3000/
Accept-Encoding: gzip, deflate, br, zstd
Accept-Language: ja
Cookie: mp_9c85fda7212d269ea46c3f6a57ba69ca_mixpanel=%7B%22distinct_id%22%3A%20%22fe77e94b-e745-45c3-a267-d0589b905428%22%2C%22%24device_id%22%3A%20%221950a075f7a5a9-034d735846e988-1c525636-2b1100-1950a075f7a5a9%22%2C%22%24initial_referrer%22%3A%20%22http%3A%2F%2Flocalhost%3A3000%2F%22%2C%22%24initial_referring_domain%22%3A%20%22localhost%3A3000%22%2C%22__mps%22%3A%20%7B%7D%2C%22__mpso%22%3A%20%7B%7D%2C%22__mpus%22%3A%20%7B%7D%2C%22__mpa%22%3A%20%7B%7D%2C%22__mpu%22%3A%20%7B%7D%2C%22__mpr%22%3A%20%5B%5D%2C%22__mpap%22%3A%20%5B%5D%2C%22%24user_id%22%3A%20%22fe77e94b-e745-45c3-a267-d0589b905428%22%7D


2025-02-18 18:51:17,870 [INFO] werkzeug:97 - 127.0.0.1 - - [18/Feb/2025 18:51:17] "GET /api/notes HTTP/1.1" 200 -
2025-02-18 18:52:12,814 [INFO] sqlalchemy.engine.Engine:2690 - BEGIN (implicit)
2025-02-18 18:52:12,837 [INFO] sqlalchemy.engine.Engine:1848 - SELECT notes.id AS notes_id, notes.title AS notes_title, notes.main_category AS notes_main_category, notes.sub_category AS notes_sub_category, notes.created_at AS notes_created_at, notes.updated_at AS notes_updated_at 
FROM notes ORDER BY notes.created_at DESC
2025-02-18 18:52:12,842 [INFO] sqlalchemy.engine.Engine:1848 - [cached since 64.65s ago] ()
2025-02-18 18:52:12,858 [INFO] sqlalchemy.engine.Engine:2690 - BEGIN (implicit)
2025-02-18 18:52:12,859 [INFO] sqlalchemy.engine.Engine:1848 - SELECT notes.id AS notes_id, notes.title AS notes_title, notes.main_category AS notes_main_category, notes.sub_category AS notes_sub_category, notes.created_at AS notes_created_at, notes.updated_at AS notes_updated_at 
FROM notes ORDER BY notes.created_at DESC
2025-02-18 18:52:12,859 [INFO] sqlalchemy.engine.Engine:1848 - [cached since 64.67s ago] ()
2025-02-18 18:52:12,869 [INFO] sqlalchemy.engine.Engine:2693 - ROLLBACK
2025-02-18 18:52:12,869 [INFO] root:52 - Request method: GET
2025-02-18 18:52:12,870 [INFO] root:53 - Request headers: Host: localhost:5001
Connection: close
Pragma: no-cache
Cache-Control: no-cache
Sec-Ch-Ua-Platform: "macOS"
User-Agent: Mozilla/5.0 (Macintosh; Intel Mac OS X 10_15_7) AppleWebKit/537.36 (KHTML, like Gecko) Chrome/133.0.0.0 Safari/537.36
Sec-Ch-Ua: "Not(A:Brand";v="99", "Google Chrome";v="133", "Chromium";v="133"
Sec-Ch-Ua-Mobile: ?0
Accept: */*
Sec-Fetch-Site: same-origin
Sec-Fetch-Mode: cors
Sec-Fetch-Dest: empty
Referer: http://localhost:3000/
Accept-Encoding: gzip, deflate, br, zstd
Accept-Language: ja
Cookie: mp_9c85fda7212d269ea46c3f6a57ba69ca_mixpanel=%7B%22distinct_id%22%3A%20%22fe77e94b-e745-45c3-a267-d0589b905428%22%2C%22%24device_id%22%3A%20%221950a075f7a5a9-034d735846e988-1c525636-2b1100-1950a075f7a5a9%22%2C%22%24initial_referrer%22%3A%20%22http%3A%2F%2Flocalhost%3A3000%2F%22%2C%22%24initial_referring_domain%22%3A%20%22localhost%3A3000%22%2C%22__mps%22%3A%20%7B%7D%2C%22__mpso%22%3A%20%7B%7D%2C%22__mpus%22%3A%20%7B%7D%2C%22__mpa%22%3A%20%7B%7D%2C%22__mpu%22%3A%20%7B%7D%2C%22__mpr%22%3A%20%5B%5D%2C%22__mpap%22%3A%20%5B%5D%2C%22%24user_id%22%3A%20%22fe77e94b-e745-45c3-a267-d0589b905428%22%7D


2025-02-18 18:52:12,886 [INFO] sqlalchemy.engine.Engine:2693 - ROLLBACK
2025-02-18 18:52:12,887 [INFO] root:52 - Request method: GET
2025-02-18 18:52:12,900 [INFO] root:53 - Request headers: Host: localhost:5001
Connection: close
Pragma: no-cache
Cache-Control: no-cache
Sec-Ch-Ua-Platform: "macOS"
User-Agent: Mozilla/5.0 (Macintosh; Intel Mac OS X 10_15_7) AppleWebKit/537.36 (KHTML, like Gecko) Chrome/133.0.0.0 Safari/537.36
Sec-Ch-Ua: "Not(A:Brand";v="99", "Google Chrome";v="133", "Chromium";v="133"
Sec-Ch-Ua-Mobile: ?0
Accept: */*
Sec-Fetch-Site: same-origin
Sec-Fetch-Mode: cors
Sec-Fetch-Dest: empty
Referer: http://localhost:3000/
Accept-Encoding: gzip, deflate, br, zstd
Accept-Language: ja
Cookie: mp_9c85fda7212d269ea46c3f6a57ba69ca_mixpanel=%7B%22distinct_id%22%3A%20%22fe77e94b-e745-45c3-a267-d0589b905428%22%2C%22%24device_id%22%3A%20%221950a075f7a5a9-034d735846e988-1c525636-2b1100-1950a075f7a5a9%22%2C%22%24initial_referrer%22%3A%20%22http%3A%2F%2Flocalhost%3A3000%2F%22%2C%22%24initial_referring_domain%22%3A%20%22localhost%3A3000%22%2C%22__mps%22%3A%20%7B%7D%2C%22__mpso%22%3A%20%7B%7D%2C%22__mpus%22%3A%20%7B%7D%2C%22__mpa%22%3A%20%7B%7D%2C%22__mpu%22%3A%20%7B%7D%2C%22__mpr%22%3A%20%5B%5D%2C%22__mpap%22%3A%20%5B%5D%2C%22%24user_id%22%3A%20%22fe77e94b-e745-45c3-a267-d0589b905428%22%7D


2025-02-18 18:52:12,887 [INFO] werkzeug:97 - 127.0.0.1 - - [18/Feb/2025 18:52:12] "GET /api/notes HTTP/1.1" 200 -
2025-02-18 18:52:12,911 [INFO] werkzeug:97 - 127.0.0.1 - - [18/Feb/2025 18:52:12] "GET /api/notes HTTP/1.1" 200 -
2025-02-18 18:52:19,339 [INFO] notes:32 - ノート作成リクエストを受信
2025-02-18 18:52:19,339 [INFO] noteapp:32 - ノート作成リクエストを受信
2025-02-18 18:52:19,347 [INFO] sqlalchemy.engine.Engine:2690 - BEGIN (implicit)
2025-02-18 18:52:19,360 [INFO] sqlalchemy.engine.Engine:1848 - INSERT INTO notes (title, main_category, sub_category, created_at, updated_at) VALUES (?, ?, ?, ?, ?)
2025-02-18 18:52:19,360 [INFO] sqlalchemy.engine.Engine:1848 - [generated in 0.00089s] ('テスト', 'work', 'meeting', '2025-02-18 09:52:19.359734', '2025-02-18 09:52:19.359745')
2025-02-18 18:52:19,362 [INFO] sqlalchemy.engine.Engine:2696 - COMMIT
2025-02-18 18:52:19,364 [INFO] sqlalchemy.engine.Engine:2690 - BEGIN (implicit)
2025-02-18 18:52:19,367 [INFO] sqlalchemy.engine.Engine:1848 - SELECT notes.id AS notes_id, notes.title AS notes_title, notes.main_category AS notes_main_category, notes.sub_category AS notes_sub_category, notes.created_at AS notes_created_at, notes.updated_at AS notes_updated_at 
FROM notes 
WHERE notes.id = ?
2025-02-18 18:52:19,368 [INFO] sqlalchemy.engine.Engine:1848 - [generated in 0.00024s] (1,)
2025-02-18 18:52:19,369 [INFO] notes:50 - ノートを作成しました: ID=1
2025-02-18 18:52:19,369 [INFO] noteapp:50 - ノートを作成しました: ID=1
2025-02-18 18:52:19,369 [INFO] sqlalchemy.engine.Engine:2693 - ROLLBACK
2025-02-18 18:52:19,369 [INFO] root:52 - Request method: POST
2025-02-18 18:52:19,369 [INFO] root:53 - Request headers: Host: localhost:5001
Connection: close
Content-Length: 69
Sec-Ch-Ua-Platform: "macOS"
User-Agent: Mozilla/5.0 (Macintosh; Intel Mac OS X 10_15_7) AppleWebKit/537.36 (KHTML, like Gecko) Chrome/133.0.0.0 Safari/537.36
Sec-Ch-Ua: "Not(A:Brand";v="99", "Google Chrome";v="133", "Chromium";v="133"
Content-Type: application/json
Sec-Ch-Ua-Mobile: ?0
Accept: */*
Origin: http://localhost:3000
Sec-Fetch-Site: same-origin
Sec-Fetch-Mode: cors
Sec-Fetch-Dest: empty
Referer: http://localhost:3000/
Accept-Encoding: gzip, deflate, br, zstd
Accept-Language: ja
Cookie: mp_9c85fda7212d269ea46c3f6a57ba69ca_mixpanel=%7B%22distinct_id%22%3A%20%22fe77e94b-e745-45c3-a267-d0589b905428%22%2C%22%24device_id%22%3A%20%221950a075f7a5a9-034d735846e988-1c525636-2b1100-1950a075f7a5a9%22%2C%22%24initial_referrer%22%3A%20%22http%3A%2F%2Flocalhost%3A3000%2F%22%2C%22%24initial_referring_domain%22%3A%20%22localhost%3A3000%22%2C%22__mps%22%3A%20%7B%7D%2C%22__mpso%22%3A%20%7B%7D%2C%22__mpus%22%3A%20%7B%7D%2C%22__mpa%22%3A%20%7B%7D%2C%22__mpu%22%3A%20%7B%7D%2C%22__mpr%22%3A%20%5B%5D%2C%22__mpap%22%3A%20%5B%5D%2C%22%24user_id%22%3A%20%22fe77e94b-e745-45c3-a267-d0589b905428%22%7D


2025-02-18 18:52:19,370 [INFO] werkzeug:97 - 127.0.0.1 - - [18/Feb/2025 18:52:19] "[35m[1mPOST /api/notes HTTP/1.1[0m" 201 -
2025-02-18 18:52:19,524 [INFO] sqlalchemy.engine.Engine:2690 - BEGIN (implicit)
2025-02-18 18:52:19,524 [INFO] sqlalchemy.engine.Engine:1848 - SELECT notes.id AS notes_id, notes.title AS notes_title, notes.main_category AS notes_main_category, notes.sub_category AS notes_sub_category, notes.created_at AS notes_created_at, notes.updated_at AS notes_updated_at 
FROM notes ORDER BY notes.created_at DESC
2025-02-18 18:52:19,524 [INFO] sqlalchemy.engine.Engine:1848 - [cached since 71.34s ago] ()
2025-02-18 18:52:19,525 [INFO] sqlalchemy.engine.Engine:2693 - ROLLBACK
2025-02-18 18:52:19,526 [INFO] root:52 - Request method: GET
2025-02-18 18:52:19,526 [INFO] root:53 - Request headers: Host: localhost:5001
Connection: close
Sec-Ch-Ua-Platform: "macOS"
User-Agent: Mozilla/5.0 (Macintosh; Intel Mac OS X 10_15_7) AppleWebKit/537.36 (KHTML, like Gecko) Chrome/133.0.0.0 Safari/537.36
Sec-Ch-Ua: "Not(A:Brand";v="99", "Google Chrome";v="133", "Chromium";v="133"
Sec-Ch-Ua-Mobile: ?0
Accept: */*
Sec-Fetch-Site: same-origin
Sec-Fetch-Mode: cors
Sec-Fetch-Dest: empty
Referer: http://localhost:3000/edit/1
Accept-Encoding: gzip, deflate, br, zstd
Accept-Language: ja
Cookie: mp_9c85fda7212d269ea46c3f6a57ba69ca_mixpanel=%7B%22distinct_id%22%3A%20%22fe77e94b-e745-45c3-a267-d0589b905428%22%2C%22%24device_id%22%3A%20%221950a075f7a5a9-034d735846e988-1c525636-2b1100-1950a075f7a5a9%22%2C%22%24initial_referrer%22%3A%20%22http%3A%2F%2Flocalhost%3A3000%2F%22%2C%22%24initial_referring_domain%22%3A%20%22localhost%3A3000%22%2C%22__mps%22%3A%20%7B%7D%2C%22__mpso%22%3A%20%7B%7D%2C%22__mpus%22%3A%20%7B%7D%2C%22__mpa%22%3A%20%7B%7D%2C%22__mpu%22%3A%20%7B%7D%2C%22__mpr%22%3A%20%5B%5D%2C%22__mpap%22%3A%20%5B%5D%2C%22%24user_id%22%3A%20%22fe77e94b-e745-45c3-a267-d0589b905428%22%7D


2025-02-18 18:52:19,526 [INFO] werkzeug:97 - 127.0.0.1 - - [18/Feb/2025 18:52:19] "GET /api/notes HTTP/1.1" 200 -
2025-02-18 18:52:19,534 [INFO] sqlalchemy.engine.Engine:2690 - BEGIN (implicit)
2025-02-18 18:52:19,534 [INFO] sqlalchemy.engine.Engine:1848 - SELECT notes.id AS notes_id, notes.title AS notes_title, notes.main_category AS notes_main_category, notes.sub_category AS notes_sub_category, notes.created_at AS notes_created_at, notes.updated_at AS notes_updated_at 
FROM notes ORDER BY notes.created_at DESC
2025-02-18 18:52:19,534 [INFO] sqlalchemy.engine.Engine:1848 - [cached since 71.35s ago] ()
2025-02-18 18:52:19,535 [INFO] sqlalchemy.engine.Engine:2693 - ROLLBACK
2025-02-18 18:52:19,535 [INFO] root:52 - Request method: GET
2025-02-18 18:52:19,535 [INFO] root:53 - Request headers: Host: localhost:5001
Connection: close
Sec-Ch-Ua-Platform: "macOS"
User-Agent: Mozilla/5.0 (Macintosh; Intel Mac OS X 10_15_7) AppleWebKit/537.36 (KHTML, like Gecko) Chrome/133.0.0.0 Safari/537.36
Sec-Ch-Ua: "Not(A:Brand";v="99", "Google Chrome";v="133", "Chromium";v="133"
Sec-Ch-Ua-Mobile: ?0
Accept: */*
Sec-Fetch-Site: same-origin
Sec-Fetch-Mode: cors
Sec-Fetch-Dest: empty
Referer: http://localhost:3000/edit/1
Accept-Encoding: gzip, deflate, br, zstd
Accept-Language: ja
Cookie: mp_9c85fda7212d269ea46c3f6a57ba69ca_mixpanel=%7B%22distinct_id%22%3A%20%22fe77e94b-e745-45c3-a267-d0589b905428%22%2C%22%24device_id%22%3A%20%221950a075f7a5a9-034d735846e988-1c525636-2b1100-1950a075f7a5a9%22%2C%22%24initial_referrer%22%3A%20%22http%3A%2F%2Flocalhost%3A3000%2F%22%2C%22%24initial_referring_domain%22%3A%20%22localhost%3A3000%22%2C%22__mps%22%3A%20%7B%7D%2C%22__mpso%22%3A%20%7B%7D%2C%22__mpus%22%3A%20%7B%7D%2C%22__mpa%22%3A%20%7B%7D%2C%22__mpu%22%3A%20%7B%7D%2C%22__mpr%22%3A%20%5B%5D%2C%22__mpap%22%3A%20%5B%5D%2C%22%24user_id%22%3A%20%22fe77e94b-e745-45c3-a267-d0589b905428%22%7D


2025-02-18 18:52:19,535 [INFO] werkzeug:97 - 127.0.0.1 - - [18/Feb/2025 18:52:19] "GET /api/notes HTTP/1.1" 200 -
2025-02-18 18:52:19,610 [INFO] notes:351 - ページ取得リクエスト: ノートID=1, ページID=1
2025-02-18 18:52:19,610 [INFO] noteapp:351 - ページ取得リクエスト: ノートID=1, ページID=1
2025-02-18 18:52:19,611 [INFO] sqlalchemy.engine.Engine:2690 - BEGIN (implicit)
2025-02-18 18:52:19,613 [INFO] sqlalchemy.engine.Engine:1848 - SELECT notes.id AS notes_id, notes.title AS notes_title, notes.main_category AS notes_main_category, notes.sub_category AS notes_sub_category, notes.created_at AS notes_created_at, notes.updated_at AS notes_updated_at 
FROM notes 
WHERE notes.id = ?
 LIMIT ? OFFSET ?
2025-02-18 18:52:19,613 [INFO] sqlalchemy.engine.Engine:1848 - [generated in 0.00014s] (1, 1, 0)
2025-02-18 18:52:19,615 [INFO] sqlalchemy.engine.Engine:1848 - SELECT pages.id AS pages_id, pages.note_id AS pages_note_id, pages.page_number AS pages_page_number, pages.content AS pages_content, pages.layout_settings AS pages_layout_settings 
FROM pages 
WHERE pages.note_id = ? AND pages.page_number = ?
 LIMIT ? OFFSET ?
2025-02-18 18:52:19,615 [INFO] sqlalchemy.engine.Engine:1848 - [generated in 0.00015s] (1, 1, 1, 0)
2025-02-18 18:52:19,617 [WARNING] notes:368 - ページが見つかりません: ノートID=1, ページ番号=1
2025-02-18 18:52:19,617 [WARNING] noteapp:368 - ページが見つかりません: ノートID=1, ページ番号=1
2025-02-18 18:52:19,617 [INFO] sqlalchemy.engine.Engine:2693 - ROLLBACK
2025-02-18 18:52:19,617 [INFO] root:52 - Request method: GET
2025-02-18 18:52:19,617 [INFO] root:53 - Request headers: Host: localhost:5001
Connection: close
Sec-Ch-Ua-Platform: "macOS"
User-Agent: Mozilla/5.0 (Macintosh; Intel Mac OS X 10_15_7) AppleWebKit/537.36 (KHTML, like Gecko) Chrome/133.0.0.0 Safari/537.36
Sec-Ch-Ua: "Not(A:Brand";v="99", "Google Chrome";v="133", "Chromium";v="133"
Sec-Ch-Ua-Mobile: ?0
Accept: */*
Sec-Fetch-Site: same-origin
Sec-Fetch-Mode: cors
Sec-Fetch-Dest: empty
Referer: http://localhost:3000/edit/1
Accept-Encoding: gzip, deflate, br, zstd
Accept-Language: ja
Cookie: mp_9c85fda7212d269ea46c3f6a57ba69ca_mixpanel=%7B%22distinct_id%22%3A%20%22fe77e94b-e745-45c3-a267-d0589b905428%22%2C%22%24device_id%22%3A%20%221950a075f7a5a9-034d735846e988-1c525636-2b1100-1950a075f7a5a9%22%2C%22%24initial_referrer%22%3A%20%22http%3A%2F%2Flocalhost%3A3000%2F%22%2C%22%24initial_referring_domain%22%3A%20%22localhost%3A3000%22%2C%22__mps%22%3A%20%7B%7D%2C%22__mpso%22%3A%20%7B%7D%2C%22__mpus%22%3A%20%7B%7D%2C%22__mpa%22%3A%20%7B%7D%2C%22__mpu%22%3A%20%7B%7D%2C%22__mpr%22%3A%20%5B%5D%2C%22__mpap%22%3A%20%5B%5D%2C%22%24user_id%22%3A%20%22fe77e94b-e745-45c3-a267-d0589b905428%22%7D


2025-02-18 18:52:19,619 [INFO] werkzeug:97 - 127.0.0.1 - - [18/Feb/2025 18:52:19] "GET /api/notes/1/pages/1 HTTP/1.1" 200 -
2025-02-18 18:52:19,633 [INFO] notes:351 - ページ取得リクエスト: ノートID=1, ページID=1
2025-02-18 18:52:19,633 [INFO] noteapp:351 - ページ取得リクエスト: ノートID=1, ページID=1
2025-02-18 18:52:19,634 [INFO] sqlalchemy.engine.Engine:2690 - BEGIN (implicit)
2025-02-18 18:52:19,634 [INFO] sqlalchemy.engine.Engine:1848 - SELECT notes.id AS notes_id, notes.title AS notes_title, notes.main_category AS notes_main_category, notes.sub_category AS notes_sub_category, notes.created_at AS notes_created_at, notes.updated_at AS notes_updated_at 
FROM notes 
WHERE notes.id = ?
 LIMIT ? OFFSET ?
2025-02-18 18:52:19,634 [INFO] sqlalchemy.engine.Engine:1848 - [cached since 0.02122s ago] (1, 1, 0)
2025-02-18 18:52:19,634 [INFO] sqlalchemy.engine.Engine:1848 - SELECT pages.id AS pages_id, pages.note_id AS pages_note_id, pages.page_number AS pages_page_number, pages.content AS pages_content, pages.layout_settings AS pages_layout_settings 
FROM pages 
WHERE pages.note_id = ? AND pages.page_number = ?
 LIMIT ? OFFSET ?
2025-02-18 18:52:19,634 [INFO] sqlalchemy.engine.Engine:1848 - [cached since 0.01917s ago] (1, 1, 1, 0)
2025-02-18 18:52:19,635 [WARNING] notes:368 - ページが見つかりません: ノートID=1, ページ番号=1
2025-02-18 18:52:19,635 [WARNING] noteapp:368 - ページが見つかりません: ノートID=1, ページ番号=1
2025-02-18 18:52:19,635 [INFO] sqlalchemy.engine.Engine:2693 - ROLLBACK
2025-02-18 18:52:19,635 [INFO] root:52 - Request method: GET
2025-02-18 18:52:19,635 [INFO] root:53 - Request headers: Host: localhost:5001
Connection: close
Sec-Ch-Ua-Platform: "macOS"
User-Agent: Mozilla/5.0 (Macintosh; Intel Mac OS X 10_15_7) AppleWebKit/537.36 (KHTML, like Gecko) Chrome/133.0.0.0 Safari/537.36
Sec-Ch-Ua: "Not(A:Brand";v="99", "Google Chrome";v="133", "Chromium";v="133"
Sec-Ch-Ua-Mobile: ?0
Accept: */*
Sec-Fetch-Site: same-origin
Sec-Fetch-Mode: cors
Sec-Fetch-Dest: empty
Referer: http://localhost:3000/edit/1
Accept-Encoding: gzip, deflate, br, zstd
Accept-Language: ja
Cookie: mp_9c85fda7212d269ea46c3f6a57ba69ca_mixpanel=%7B%22distinct_id%22%3A%20%22fe77e94b-e745-45c3-a267-d0589b905428%22%2C%22%24device_id%22%3A%20%221950a075f7a5a9-034d735846e988-1c525636-2b1100-1950a075f7a5a9%22%2C%22%24initial_referrer%22%3A%20%22http%3A%2F%2Flocalhost%3A3000%2F%22%2C%22%24initial_referring_domain%22%3A%20%22localhost%3A3000%22%2C%22__mps%22%3A%20%7B%7D%2C%22__mpso%22%3A%20%7B%7D%2C%22__mpus%22%3A%20%7B%7D%2C%22__mpa%22%3A%20%7B%7D%2C%22__mpu%22%3A%20%7B%7D%2C%22__mpr%22%3A%20%5B%5D%2C%22__mpap%22%3A%20%5B%5D%2C%22%24user_id%22%3A%20%22fe77e94b-e745-45c3-a267-d0589b905428%22%7D


2025-02-18 18:52:19,636 [INFO] werkzeug:97 - 127.0.0.1 - - [18/Feb/2025 18:52:19] "GET /api/notes/1/pages/1 HTTP/1.1" 200 -
2025-02-18 18:52:23,936 [INFO] sqlalchemy.engine.Engine:2690 - BEGIN (implicit)
2025-02-18 18:52:23,943 [INFO] sqlalchemy.engine.Engine:1848 - SELECT notes.id AS notes_id, notes.title AS notes_title, notes.main_category AS notes_main_category, notes.sub_category AS notes_sub_category, notes.created_at AS notes_created_at, notes.updated_at AS notes_updated_at 
FROM notes ORDER BY notes.created_at DESC
2025-02-18 18:52:23,943 [INFO] sqlalchemy.engine.Engine:1848 - [cached since 75.76s ago] ()
2025-02-18 18:52:23,945 [INFO] sqlalchemy.engine.Engine:2693 - ROLLBACK
2025-02-18 18:52:23,946 [INFO] root:52 - Request method: GET
2025-02-18 18:52:23,946 [INFO] root:53 - Request headers: Host: localhost:5001
Connection: close
Sec-Ch-Ua-Platform: "macOS"
User-Agent: Mozilla/5.0 (Macintosh; Intel Mac OS X 10_15_7) AppleWebKit/537.36 (KHTML, like Gecko) Chrome/133.0.0.0 Safari/537.36
Sec-Ch-Ua: "Not(A:Brand";v="99", "Google Chrome";v="133", "Chromium";v="133"
Sec-Ch-Ua-Mobile: ?0
Accept: */*
Sec-Fetch-Site: same-origin
Sec-Fetch-Mode: cors
Sec-Fetch-Dest: empty
Referer: http://localhost:3000/
Accept-Encoding: gzip, deflate, br, zstd
Accept-Language: ja
Cookie: mp_9c85fda7212d269ea46c3f6a57ba69ca_mixpanel=%7B%22distinct_id%22%3A%20%22fe77e94b-e745-45c3-a267-d0589b905428%22%2C%22%24device_id%22%3A%20%221950a075f7a5a9-034d735846e988-1c525636-2b1100-1950a075f7a5a9%22%2C%22%24initial_referrer%22%3A%20%22http%3A%2F%2Flocalhost%3A3000%2F%22%2C%22%24initial_referring_domain%22%3A%20%22localhost%3A3000%22%2C%22__mps%22%3A%20%7B%7D%2C%22__mpso%22%3A%20%7B%7D%2C%22__mpus%22%3A%20%7B%7D%2C%22__mpa%22%3A%20%7B%7D%2C%22__mpu%22%3A%20%7B%7D%2C%22__mpr%22%3A%20%5B%5D%2C%22__mpap%22%3A%20%5B%5D%2C%22%24user_id%22%3A%20%22fe77e94b-e745-45c3-a267-d0589b905428%22%7D


2025-02-18 18:52:23,946 [INFO] werkzeug:97 - 127.0.0.1 - - [18/Feb/2025 18:52:23] "GET /api/notes HTTP/1.1" 200 -
2025-02-18 18:52:23,952 [INFO] sqlalchemy.engine.Engine:2690 - BEGIN (implicit)
2025-02-18 18:52:23,953 [INFO] sqlalchemy.engine.Engine:1848 - SELECT notes.id AS notes_id, notes.title AS notes_title, notes.main_category AS notes_main_category, notes.sub_category AS notes_sub_category, notes.created_at AS notes_created_at, notes.updated_at AS notes_updated_at 
FROM notes ORDER BY notes.created_at DESC
2025-02-18 18:52:23,953 [INFO] sqlalchemy.engine.Engine:1848 - [cached since 75.77s ago] ()
2025-02-18 18:52:23,953 [INFO] sqlalchemy.engine.Engine:2693 - ROLLBACK
2025-02-18 18:52:23,953 [INFO] root:52 - Request method: GET
2025-02-18 18:52:23,953 [INFO] root:53 - Request headers: Host: localhost:5001
Connection: close
Sec-Ch-Ua-Platform: "macOS"
User-Agent: Mozilla/5.0 (Macintosh; Intel Mac OS X 10_15_7) AppleWebKit/537.36 (KHTML, like Gecko) Chrome/133.0.0.0 Safari/537.36
Sec-Ch-Ua: "Not(A:Brand";v="99", "Google Chrome";v="133", "Chromium";v="133"
Sec-Ch-Ua-Mobile: ?0
Accept: */*
Sec-Fetch-Site: same-origin
Sec-Fetch-Mode: cors
Sec-Fetch-Dest: empty
Referer: http://localhost:3000/
Accept-Encoding: gzip, deflate, br, zstd
Accept-Language: ja
Cookie: mp_9c85fda7212d269ea46c3f6a57ba69ca_mixpanel=%7B%22distinct_id%22%3A%20%22fe77e94b-e745-45c3-a267-d0589b905428%22%2C%22%24device_id%22%3A%20%221950a075f7a5a9-034d735846e988-1c525636-2b1100-1950a075f7a5a9%22%2C%22%24initial_referrer%22%3A%20%22http%3A%2F%2Flocalhost%3A3000%2F%22%2C%22%24initial_referring_domain%22%3A%20%22localhost%3A3000%22%2C%22__mps%22%3A%20%7B%7D%2C%22__mpso%22%3A%20%7B%7D%2C%22__mpus%22%3A%20%7B%7D%2C%22__mpa%22%3A%20%7B%7D%2C%22__mpu%22%3A%20%7B%7D%2C%22__mpr%22%3A%20%5B%5D%2C%22__mpap%22%3A%20%5B%5D%2C%22%24user_id%22%3A%20%22fe77e94b-e745-45c3-a267-d0589b905428%22%7D


2025-02-18 18:52:23,953 [INFO] werkzeug:97 - 127.0.0.1 - - [18/Feb/2025 18:52:23] "GET /api/notes HTTP/1.1" 200 -
2025-02-18 18:52:43,147 [INFO] root:52 - Request method: POST
2025-02-18 18:52:43,148 [INFO] root:53 - Request headers: Host: localhost:5001
Connection: close
Content-Length: 29
Sec-Ch-Ua-Platform: "macOS"
User-Agent: Mozilla/5.0 (Macintosh; Intel Mac OS X 10_15_7) AppleWebKit/537.36 (KHTML, like Gecko) Chrome/133.0.0.0 Safari/537.36
Sec-Ch-Ua: "Not(A:Brand";v="99", "Google Chrome";v="133", "Chromium";v="133"
Content-Type: application/json
Sec-Ch-Ua-Mobile: ?0
Accept: */*
Origin: http://localhost:3000
Sec-Fetch-Site: same-origin
Sec-Fetch-Mode: cors
Sec-Fetch-Dest: empty
Referer: http://localhost:3000/memo/edit/1
Accept-Encoding: gzip, deflate, br, zstd
Accept-Language: ja
Cookie: mp_9c85fda7212d269ea46c3f6a57ba69ca_mixpanel=%7B%22distinct_id%22%3A%20%22fe77e94b-e745-45c3-a267-d0589b905428%22%2C%22%24device_id%22%3A%20%221950a075f7a5a9-034d735846e988-1c525636-2b1100-1950a075f7a5a9%22%2C%22%24initial_referrer%22%3A%20%22http%3A%2F%2Flocalhost%3A3000%2F%22%2C%22%24initial_referring_domain%22%3A%20%22localhost%3A3000%22%2C%22__mps%22%3A%20%7B%7D%2C%22__mpso%22%3A%20%7B%7D%2C%22__mpus%22%3A%20%7B%7D%2C%22__mpa%22%3A%20%7B%7D%2C%22__mpu%22%3A%20%7B%7D%2C%22__mpr%22%3A%20%5B%5D%2C%22__mpap%22%3A%20%5B%5D%2C%22%24user_id%22%3A%20%22fe77e94b-e745-45c3-a267-d0589b905428%22%7D


2025-02-18 18:52:43,149 [INFO] werkzeug:97 - 127.0.0.1 - - [18/Feb/2025 18:52:43] "POST /api/tts HTTP/1.1" 200 -
2025-02-18 18:52:44,713 [INFO] sqlalchemy.engine.Engine:2690 - BEGIN (implicit)
2025-02-18 18:52:44,716 [INFO] sqlalchemy.engine.Engine:1848 - SELECT notes.id AS notes_id, notes.title AS notes_title, notes.main_category AS notes_main_category, notes.sub_category AS notes_sub_category, notes.created_at AS notes_created_at, notes.updated_at AS notes_updated_at 
FROM notes ORDER BY notes.created_at DESC
2025-02-18 18:52:44,717 [INFO] sqlalchemy.engine.Engine:1848 - [cached since 96.53s ago] ()
2025-02-18 18:52:44,718 [INFO] sqlalchemy.engine.Engine:2693 - ROLLBACK
2025-02-18 18:52:44,718 [INFO] root:52 - Request method: GET
2025-02-18 18:52:44,719 [INFO] root:53 - Request headers: Host: localhost:5001
Connection: close
Sec-Ch-Ua-Platform: "macOS"
User-Agent: Mozilla/5.0 (Macintosh; Intel Mac OS X 10_15_7) AppleWebKit/537.36 (KHTML, like Gecko) Chrome/133.0.0.0 Safari/537.36
Sec-Ch-Ua: "Not(A:Brand";v="99", "Google Chrome";v="133", "Chromium";v="133"
Sec-Ch-Ua-Mobile: ?0
Accept: */*
Sec-Fetch-Site: same-origin
Sec-Fetch-Mode: cors
Sec-Fetch-Dest: empty
Referer: http://localhost:3000/
Accept-Encoding: gzip, deflate, br, zstd
Accept-Language: ja
Cookie: mp_9c85fda7212d269ea46c3f6a57ba69ca_mixpanel=%7B%22distinct_id%22%3A%20%22fe77e94b-e745-45c3-a267-d0589b905428%22%2C%22%24device_id%22%3A%20%221950a075f7a5a9-034d735846e988-1c525636-2b1100-1950a075f7a5a9%22%2C%22%24initial_referrer%22%3A%20%22http%3A%2F%2Flocalhost%3A3000%2F%22%2C%22%24initial_referring_domain%22%3A%20%22localhost%3A3000%22%2C%22__mps%22%3A%20%7B%7D%2C%22__mpso%22%3A%20%7B%7D%2C%22__mpus%22%3A%20%7B%7D%2C%22__mpa%22%3A%20%7B%7D%2C%22__mpu%22%3A%20%7B%7D%2C%22__mpr%22%3A%20%5B%5D%2C%22__mpap%22%3A%20%5B%5D%2C%22%24user_id%22%3A%20%22fe77e94b-e745-45c3-a267-d0589b905428%22%7D


2025-02-18 18:52:44,720 [INFO] werkzeug:97 - 127.0.0.1 - - [18/Feb/2025 18:52:44] "GET /api/notes HTTP/1.1" 200 -
2025-02-18 18:52:44,727 [INFO] sqlalchemy.engine.Engine:2690 - BEGIN (implicit)
2025-02-18 18:52:44,728 [INFO] sqlalchemy.engine.Engine:1848 - SELECT notes.id AS notes_id, notes.title AS notes_title, notes.main_category AS notes_main_category, notes.sub_category AS notes_sub_category, notes.created_at AS notes_created_at, notes.updated_at AS notes_updated_at 
FROM notes ORDER BY notes.created_at DESC
2025-02-18 18:52:44,728 [INFO] sqlalchemy.engine.Engine:1848 - [cached since 96.54s ago] ()
2025-02-18 18:52:44,728 [INFO] sqlalchemy.engine.Engine:2693 - ROLLBACK
2025-02-18 18:52:44,728 [INFO] root:52 - Request method: GET
2025-02-18 18:52:44,728 [INFO] root:53 - Request headers: Host: localhost:5001
Connection: close
Sec-Ch-Ua-Platform: "macOS"
User-Agent: Mozilla/5.0 (Macintosh; Intel Mac OS X 10_15_7) AppleWebKit/537.36 (KHTML, like Gecko) Chrome/133.0.0.0 Safari/537.36
Sec-Ch-Ua: "Not(A:Brand";v="99", "Google Chrome";v="133", "Chromium";v="133"
Sec-Ch-Ua-Mobile: ?0
Accept: */*
Sec-Fetch-Site: same-origin
Sec-Fetch-Mode: cors
Sec-Fetch-Dest: empty
Referer: http://localhost:3000/
Accept-Encoding: gzip, deflate, br, zstd
Accept-Language: ja
Cookie: mp_9c85fda7212d269ea46c3f6a57ba69ca_mixpanel=%7B%22distinct_id%22%3A%20%22fe77e94b-e745-45c3-a267-d0589b905428%22%2C%22%24device_id%22%3A%20%221950a075f7a5a9-034d735846e988-1c525636-2b1100-1950a075f7a5a9%22%2C%22%24initial_referrer%22%3A%20%22http%3A%2F%2Flocalhost%3A3000%2F%22%2C%22%24initial_referring_domain%22%3A%20%22localhost%3A3000%22%2C%22__mps%22%3A%20%7B%7D%2C%22__mpso%22%3A%20%7B%7D%2C%22__mpus%22%3A%20%7B%7D%2C%22__mpa%22%3A%20%7B%7D%2C%22__mpu%22%3A%20%7B%7D%2C%22__mpr%22%3A%20%5B%5D%2C%22__mpap%22%3A%20%5B%5D%2C%22%24user_id%22%3A%20%22fe77e94b-e745-45c3-a267-d0589b905428%22%7D


2025-02-18 18:52:44,729 [INFO] werkzeug:97 - 127.0.0.1 - - [18/Feb/2025 18:52:44] "GET /api/notes HTTP/1.1" 200 -
2025-02-18 18:53:04,873 [INFO] sqlalchemy.engine.Engine:2690 - BEGIN (implicit)
2025-02-18 18:53:04,877 [INFO] sqlalchemy.engine.Engine:1848 - SELECT notes.id AS notes_id, notes.title AS notes_title, notes.main_category AS notes_main_category, notes.sub_category AS notes_sub_category, notes.created_at AS notes_created_at, notes.updated_at AS notes_updated_at 
FROM notes ORDER BY notes.created_at DESC
2025-02-18 18:53:04,878 [INFO] sqlalchemy.engine.Engine:1848 - [cached since 116.7s ago] ()
2025-02-18 18:53:04,882 [INFO] sqlalchemy.engine.Engine:2693 - ROLLBACK
2025-02-18 18:53:04,882 [INFO] root:52 - Request method: GET
2025-02-18 18:53:04,884 [INFO] root:53 - Request headers: Host: localhost:5001
Connection: close
Sec-Ch-Ua-Platform: "macOS"
User-Agent: Mozilla/5.0 (Macintosh; Intel Mac OS X 10_15_7) AppleWebKit/537.36 (KHTML, like Gecko) Chrome/133.0.0.0 Safari/537.36
Sec-Ch-Ua: "Not(A:Brand";v="99", "Google Chrome";v="133", "Chromium";v="133"
Sec-Ch-Ua-Mobile: ?0
Accept: */*
Sec-Fetch-Site: same-origin
Sec-Fetch-Mode: cors
Sec-Fetch-Dest: empty
Referer: http://localhost:3000/edit/1
Accept-Encoding: gzip, deflate, br, zstd
Accept-Language: ja
Cookie: mp_9c85fda7212d269ea46c3f6a57ba69ca_mixpanel=%7B%22distinct_id%22%3A%20%22fe77e94b-e745-45c3-a267-d0589b905428%22%2C%22%24device_id%22%3A%20%221950a075f7a5a9-034d735846e988-1c525636-2b1100-1950a075f7a5a9%22%2C%22%24initial_referrer%22%3A%20%22http%3A%2F%2Flocalhost%3A3000%2F%22%2C%22%24initial_referring_domain%22%3A%20%22localhost%3A3000%22%2C%22__mps%22%3A%20%7B%7D%2C%22__mpso%22%3A%20%7B%7D%2C%22__mpus%22%3A%20%7B%7D%2C%22__mpa%22%3A%20%7B%7D%2C%22__mpu%22%3A%20%7B%7D%2C%22__mpr%22%3A%20%5B%5D%2C%22__mpap%22%3A%20%5B%5D%2C%22%24user_id%22%3A%20%22fe77e94b-e745-45c3-a267-d0589b905428%22%7D


2025-02-18 18:53:04,883 [INFO] notes:351 - ページ取得リクエスト: ノートID=1, ページID=1
2025-02-18 18:53:04,886 [INFO] werkzeug:97 - 127.0.0.1 - - [18/Feb/2025 18:53:04] "GET /api/notes HTTP/1.1" 200 -
2025-02-18 18:53:04,883 [INFO] noteapp:351 - ページ取得リクエスト: ノートID=1, ページID=1
2025-02-18 18:53:04,887 [INFO] sqlalchemy.engine.Engine:2690 - BEGIN (implicit)
2025-02-18 18:53:04,889 [INFO] sqlalchemy.engine.Engine:1848 - SELECT notes.id AS notes_id, notes.title AS notes_title, notes.main_category AS notes_main_category, notes.sub_category AS notes_sub_category, notes.created_at AS notes_created_at, notes.updated_at AS notes_updated_at 
FROM notes 
WHERE notes.id = ?
 LIMIT ? OFFSET ?
2025-02-18 18:53:04,889 [INFO] sqlalchemy.engine.Engine:1848 - [cached since 45.28s ago] (1, 1, 0)
2025-02-18 18:53:04,890 [INFO] sqlalchemy.engine.Engine:1848 - SELECT pages.id AS pages_id, pages.note_id AS pages_note_id, pages.page_number AS pages_page_number, pages.content AS pages_content, pages.layout_settings AS pages_layout_settings 
FROM pages 
WHERE pages.note_id = ? AND pages.page_number = ?
 LIMIT ? OFFSET ?
2025-02-18 18:53:04,890 [INFO] sqlalchemy.engine.Engine:1848 - [cached since 45.27s ago] (1, 1, 1, 0)
2025-02-18 18:53:04,890 [WARNING] notes:368 - ページが見つかりません: ノートID=1, ページ番号=1
2025-02-18 18:53:04,890 [WARNING] noteapp:368 - ページが見つかりません: ノートID=1, ページ番号=1
2025-02-18 18:53:04,890 [INFO] sqlalchemy.engine.Engine:2693 - ROLLBACK
2025-02-18 18:53:04,891 [INFO] root:52 - Request method: GET
2025-02-18 18:53:04,891 [INFO] root:53 - Request headers: Host: localhost:5001
Connection: close
Sec-Ch-Ua-Platform: "macOS"
User-Agent: Mozilla/5.0 (Macintosh; Intel Mac OS X 10_15_7) AppleWebKit/537.36 (KHTML, like Gecko) Chrome/133.0.0.0 Safari/537.36
Sec-Ch-Ua: "Not(A:Brand";v="99", "Google Chrome";v="133", "Chromium";v="133"
Sec-Ch-Ua-Mobile: ?0
Accept: */*
Sec-Fetch-Site: same-origin
Sec-Fetch-Mode: cors
Sec-Fetch-Dest: empty
Referer: http://localhost:3000/edit/1
Accept-Encoding: gzip, deflate, br, zstd
Accept-Language: ja
Cookie: mp_9c85fda7212d269ea46c3f6a57ba69ca_mixpanel=%7B%22distinct_id%22%3A%20%22fe77e94b-e745-45c3-a267-d0589b905428%22%2C%22%24device_id%22%3A%20%221950a075f7a5a9-034d735846e988-1c525636-2b1100-1950a075f7a5a9%22%2C%22%24initial_referrer%22%3A%20%22http%3A%2F%2Flocalhost%3A3000%2F%22%2C%22%24initial_referring_domain%22%3A%20%22localhost%3A3000%22%2C%22__mps%22%3A%20%7B%7D%2C%22__mpso%22%3A%20%7B%7D%2C%22__mpus%22%3A%20%7B%7D%2C%22__mpa%22%3A%20%7B%7D%2C%22__mpu%22%3A%20%7B%7D%2C%22__mpr%22%3A%20%5B%5D%2C%22__mpap%22%3A%20%5B%5D%2C%22%24user_id%22%3A%20%22fe77e94b-e745-45c3-a267-d0589b905428%22%7D


2025-02-18 18:53:04,891 [INFO] werkzeug:97 - 127.0.0.1 - - [18/Feb/2025 18:53:04] "GET /api/notes/1/pages/1 HTTP/1.1" 200 -
2025-02-18 18:53:04,895 [INFO] sqlalchemy.engine.Engine:2690 - BEGIN (implicit)
2025-02-18 18:53:04,896 [INFO] sqlalchemy.engine.Engine:1848 - SELECT notes.id AS notes_id, notes.title AS notes_title, notes.main_category AS notes_main_category, notes.sub_category AS notes_sub_category, notes.created_at AS notes_created_at, notes.updated_at AS notes_updated_at 
FROM notes ORDER BY notes.created_at DESC
2025-02-18 18:53:04,897 [INFO] sqlalchemy.engine.Engine:1848 - [cached since 116.7s ago] ()
2025-02-18 18:53:04,897 [INFO] sqlalchemy.engine.Engine:2693 - ROLLBACK
2025-02-18 18:53:04,897 [INFO] root:52 - Request method: GET
2025-02-18 18:53:04,898 [INFO] root:53 - Request headers: Host: localhost:5001
Connection: close
Sec-Ch-Ua-Platform: "macOS"
User-Agent: Mozilla/5.0 (Macintosh; Intel Mac OS X 10_15_7) AppleWebKit/537.36 (KHTML, like Gecko) Chrome/133.0.0.0 Safari/537.36
Sec-Ch-Ua: "Not(A:Brand";v="99", "Google Chrome";v="133", "Chromium";v="133"
Sec-Ch-Ua-Mobile: ?0
Accept: */*
Sec-Fetch-Site: same-origin
Sec-Fetch-Mode: cors
Sec-Fetch-Dest: empty
Referer: http://localhost:3000/edit/1
Accept-Encoding: gzip, deflate, br, zstd
Accept-Language: ja
Cookie: mp_9c85fda7212d269ea46c3f6a57ba69ca_mixpanel=%7B%22distinct_id%22%3A%20%22fe77e94b-e745-45c3-a267-d0589b905428%22%2C%22%24device_id%22%3A%20%221950a075f7a5a9-034d735846e988-1c525636-2b1100-1950a075f7a5a9%22%2C%22%24initial_referrer%22%3A%20%22http%3A%2F%2Flocalhost%3A3000%2F%22%2C%22%24initial_referring_domain%22%3A%20%22localhost%3A3000%22%2C%22__mps%22%3A%20%7B%7D%2C%22__mpso%22%3A%20%7B%7D%2C%22__mpus%22%3A%20%7B%7D%2C%22__mpa%22%3A%20%7B%7D%2C%22__mpu%22%3A%20%7B%7D%2C%22__mpr%22%3A%20%5B%5D%2C%22__mpap%22%3A%20%5B%5D%2C%22%24user_id%22%3A%20%22fe77e94b-e745-45c3-a267-d0589b905428%22%7D


2025-02-18 18:53:04,898 [INFO] werkzeug:97 - 127.0.0.1 - - [18/Feb/2025 18:53:04] "GET /api/notes HTTP/1.1" 200 -
2025-02-18 18:53:04,915 [INFO] notes:351 - ページ取得リクエスト: ノートID=1, ページID=1
2025-02-18 18:53:04,915 [INFO] noteapp:351 - ページ取得リクエスト: ノートID=1, ページID=1
2025-02-18 18:53:04,916 [INFO] sqlalchemy.engine.Engine:2690 - BEGIN (implicit)
2025-02-18 18:53:04,916 [INFO] sqlalchemy.engine.Engine:1848 - SELECT notes.id AS notes_id, notes.title AS notes_title, notes.main_category AS notes_main_category, notes.sub_category AS notes_sub_category, notes.created_at AS notes_created_at, notes.updated_at AS notes_updated_at 
FROM notes 
WHERE notes.id = ?
 LIMIT ? OFFSET ?
2025-02-18 18:53:04,916 [INFO] sqlalchemy.engine.Engine:1848 - [cached since 45.3s ago] (1, 1, 0)
2025-02-18 18:53:04,917 [INFO] sqlalchemy.engine.Engine:1848 - SELECT pages.id AS pages_id, pages.note_id AS pages_note_id, pages.page_number AS pages_page_number, pages.content AS pages_content, pages.layout_settings AS pages_layout_settings 
FROM pages 
WHERE pages.note_id = ? AND pages.page_number = ?
 LIMIT ? OFFSET ?
2025-02-18 18:53:04,917 [INFO] sqlalchemy.engine.Engine:1848 - [cached since 45.3s ago] (1, 1, 1, 0)
2025-02-18 18:53:04,917 [WARNING] notes:368 - ページが見つかりません: ノートID=1, ページ番号=1
2025-02-18 18:53:04,917 [WARNING] noteapp:368 - ページが見つかりません: ノートID=1, ページ番号=1
2025-02-18 18:53:04,918 [INFO] sqlalchemy.engine.Engine:2693 - ROLLBACK
2025-02-18 18:53:04,918 [INFO] root:52 - Request method: GET
2025-02-18 18:53:04,919 [INFO] root:53 - Request headers: Host: localhost:5001
Connection: close
Sec-Ch-Ua-Platform: "macOS"
User-Agent: Mozilla/5.0 (Macintosh; Intel Mac OS X 10_15_7) AppleWebKit/537.36 (KHTML, like Gecko) Chrome/133.0.0.0 Safari/537.36
Sec-Ch-Ua: "Not(A:Brand";v="99", "Google Chrome";v="133", "Chromium";v="133"
Sec-Ch-Ua-Mobile: ?0
Accept: */*
Sec-Fetch-Site: same-origin
Sec-Fetch-Mode: cors
Sec-Fetch-Dest: empty
Referer: http://localhost:3000/edit/1
Accept-Encoding: gzip, deflate, br, zstd
Accept-Language: ja
Cookie: mp_9c85fda7212d269ea46c3f6a57ba69ca_mixpanel=%7B%22distinct_id%22%3A%20%22fe77e94b-e745-45c3-a267-d0589b905428%22%2C%22%24device_id%22%3A%20%221950a075f7a5a9-034d735846e988-1c525636-2b1100-1950a075f7a5a9%22%2C%22%24initial_referrer%22%3A%20%22http%3A%2F%2Flocalhost%3A3000%2F%22%2C%22%24initial_referring_domain%22%3A%20%22localhost%3A3000%22%2C%22__mps%22%3A%20%7B%7D%2C%22__mpso%22%3A%20%7B%7D%2C%22__mpus%22%3A%20%7B%7D%2C%22__mpa%22%3A%20%7B%7D%2C%22__mpu%22%3A%20%7B%7D%2C%22__mpr%22%3A%20%5B%5D%2C%22__mpap%22%3A%20%5B%5D%2C%22%24user_id%22%3A%20%22fe77e94b-e745-45c3-a267-d0589b905428%22%7D


2025-02-18 18:53:04,921 [INFO] werkzeug:97 - 127.0.0.1 - - [18/Feb/2025 18:53:04] "GET /api/notes/1/pages/1 HTTP/1.1" 200 -
2025-02-18 18:53:11,318 [INFO] notes:285 - ページ更新リクエスト: ノートID=1, ページID=1
2025-02-18 18:53:11,318 [INFO] noteapp:285 - ページ更新リクエスト: ノートID=1, ページID=1
2025-02-18 18:53:11,324 [INFO] sqlalchemy.engine.Engine:2690 - BEGIN (implicit)
2025-02-18 18:53:11,324 [INFO] sqlalchemy.engine.Engine:1848 - SELECT notes.id AS notes_id, notes.title AS notes_title, notes.main_category AS notes_main_category, notes.sub_category AS notes_sub_category, notes.created_at AS notes_created_at, notes.updated_at AS notes_updated_at 
FROM notes 
WHERE notes.id = ?
 LIMIT ? OFFSET ?
2025-02-18 18:53:11,325 [INFO] sqlalchemy.engine.Engine:1848 - [cached since 51.71s ago] (1, 1, 0)
2025-02-18 18:53:11,326 [INFO] sqlalchemy.engine.Engine:1848 - SELECT pages.id AS pages_id, pages.note_id AS pages_note_id, pages.page_number AS pages_page_number, pages.content AS pages_content, pages.layout_settings AS pages_layout_settings 
FROM pages 
WHERE pages.note_id = ? AND pages.page_number = ?
 LIMIT ? OFFSET ?
2025-02-18 18:53:11,326 [INFO] sqlalchemy.engine.Engine:1848 - [cached since 51.71s ago] (1, 1, 1, 0)
2025-02-18 18:53:11,327 [INFO] notes:315 - 新しいページを作成: ノートID=1, ページ番号=1
2025-02-18 18:53:11,327 [INFO] noteapp:315 - 新しいページを作成: ノートID=1, ページ番号=1
2025-02-18 18:53:11,331 [INFO] sqlalchemy.engine.Engine:1848 - INSERT INTO pages (note_id, page_number, content, layout_settings) VALUES (?, ?, ?, ?)
2025-02-18 18:53:11,331 [INFO] sqlalchemy.engine.Engine:1848 - [generated in 0.00044s] (1, 1, '{"version":"6.6.1","objects":[{"type":"Path","version":"6.6.1","originX":"left","originY":"top","left":458.998,"top":124,"width":252.002,"height":101 ... (5970 characters truncated) ... ",1074,322,1074.5,322.5],["Q",1075,323,1075,322.5],["Q",1075,322,1075,321],["Q",1075,320,1075,318.5],["Q",1075,317,1075,315.5],["L",1075,313.998]]}]}', '{}')
2025-02-18 18:53:11,333 [INFO] sqlalchemy.engine.Engine:2696 - COMMIT
2025-02-18 18:53:11,335 [INFO] sqlalchemy.engine.Engine:2690 - BEGIN (implicit)
2025-02-18 18:53:11,337 [INFO] sqlalchemy.engine.Engine:1848 - SELECT pages.id AS pages_id, pages.note_id AS pages_note_id, pages.page_number AS pages_page_number, pages.content AS pages_content, pages.layout_settings AS pages_layout_settings 
FROM pages 
WHERE pages.id = ?
2025-02-18 18:53:11,337 [INFO] sqlalchemy.engine.Engine:1848 - [generated in 0.00038s] (1,)
2025-02-18 18:53:11,342 [INFO] sqlalchemy.engine.Engine:2693 - ROLLBACK
2025-02-18 18:53:11,345 [INFO] root:52 - Request method: PUT
2025-02-18 18:53:11,346 [INFO] root:53 - Request headers: Host: localhost:5001
Connection: close
Content-Length: 7052
Sec-Ch-Ua-Platform: "macOS"
User-Agent: Mozilla/5.0 (Macintosh; Intel Mac OS X 10_15_7) AppleWebKit/537.36 (KHTML, like Gecko) Chrome/133.0.0.0 Safari/537.36
Sec-Ch-Ua: "Not(A:Brand";v="99", "Google Chrome";v="133", "Chromium";v="133"
Content-Type: application/json
Sec-Ch-Ua-Mobile: ?0
Accept: */*
Origin: http://localhost:3000
Sec-Fetch-Site: same-origin
Sec-Fetch-Mode: cors
Sec-Fetch-Dest: empty
Referer: http://localhost:3000/edit/1
Accept-Encoding: gzip, deflate, br, zstd
Accept-Language: ja
Cookie: mp_9c85fda7212d269ea46c3f6a57ba69ca_mixpanel=%7B%22distinct_id%22%3A%20%22fe77e94b-e745-45c3-a267-d0589b905428%22%2C%22%24device_id%22%3A%20%221950a075f7a5a9-034d735846e988-1c525636-2b1100-1950a075f7a5a9%22%2C%22%24initial_referrer%22%3A%20%22http%3A%2F%2Flocalhost%3A3000%2F%22%2C%22%24initial_referring_domain%22%3A%20%22localhost%3A3000%22%2C%22__mps%22%3A%20%7B%7D%2C%22__mpso%22%3A%20%7B%7D%2C%22__mpus%22%3A%20%7B%7D%2C%22__mpa%22%3A%20%7B%7D%2C%22__mpu%22%3A%20%7B%7D%2C%22__mpr%22%3A%20%5B%5D%2C%22__mpap%22%3A%20%5B%5D%2C%22%24user_id%22%3A%20%22fe77e94b-e745-45c3-a267-d0589b905428%22%7D


2025-02-18 18:53:11,348 [INFO] werkzeug:97 - 127.0.0.1 - - [18/Feb/2025 18:53:11] "PUT /api/notes/1/pages/1 HTTP/1.1" 200 -
2025-02-18 18:53:13,766 [INFO] routes.ocr:24 - OCRリクエストを受信: note_id=1, page_number=1
2025-02-18 18:53:13,767 [INFO] routes.ocr:28 - リクエストデータを取得
2025-02-18 18:53:13,767 [INFO] routes.ocr:35 - Base64デコードを開始
2025-02-18 18:53:13,767 [INFO] routes.ocr:42 - デコードされた画像データのサイズ: 111902 bytes
2025-02-18 18:53:13,768 [INFO] routes.ocr:49 - 受信した画像を保存しました: received_image.png
2025-02-18 18:53:13,790 [INFO] routes.ocr:57 - Vision APIクライアントの初期化成功
2025-02-18 18:53:13,790 [INFO] routes.ocr:60 - document_text_detectionを使用してテキスト検出を開始...
2025-02-18 18:53:14,713 [INFO] routes.ocr:75 - Vision APIレスポンスの詳細:
2025-02-18 18:53:14,713 [INFO] routes.ocr:76 - 1. text_annotations:
2025-02-18 18:53:14,713 [INFO] routes.ocr:78 - 検出されたテキスト数: 2
2025-02-18 18:53:14,713 [INFO] routes.ocr:80 - テキスト0: みしま
2025-02-18 18:53:14,714 [INFO] routes.ocr:81 - 信頼度: 0.0
2025-02-18 18:53:14,714 [INFO] routes.ocr:82 - バウンディングボックス: [(861, 168), (2122, 168), (2122, 695), (861, 695)]
2025-02-18 18:53:14,714 [INFO] routes.ocr:80 - テキスト1: みしま
2025-02-18 18:53:14,714 [INFO] routes.ocr:81 - 信頼度: 0.0
2025-02-18 18:53:14,714 [INFO] routes.ocr:82 - バウンディングボックス: [(908, 168), (2122, 318), (2075, 695), (861, 545)]
2025-02-18 18:53:14,714 [INFO] routes.ocr:86 - 
2. full_text_annotation:
2025-02-18 18:53:14,715 [INFO] routes.ocr:88 - 全テキスト: みしま
2025-02-18 18:53:14,715 [INFO] routes.ocr:89 - ページ情報:
2025-02-18 18:53:14,715 [INFO] routes.ocr:91 - - 信頼度: 0.9479167461395264
2025-02-18 18:53:14,715 [INFO] routes.ocr:92 - - 幅: 3702, 高さ: 1566
2025-02-18 18:53:14,715 [INFO] routes.ocr:96 - 
3. エラー情報:
2025-02-18 18:53:14,716 [INFO] routes.ocr:100 - エラーはありません
2025-02-18 18:53:14,716 [INFO] routes.ocr:102 - 
4. 生レスポンス:
2025-02-18 18:53:14,716 [INFO] routes.ocr:103 - text_annotations {
  locale: "und"
  description: "みしま"
  bounding_poly {
    vertices {
      x: 861
      y: 168
    }
    vertices {
      x: 2122
      y: 168
    }
    vertices {
      x: 2122
      y: 695
    }
    vertices {
      x: 861
      y: 695
    }
  }
}
text_annotations {
  description: "みしま"
  bounding_poly {
    vertices {
      x: 908
      y: 168
    }
    vertices {
      x: 2122
      y: 318
    }
    vertices {
      x: 2075
      y: 695
    }
    vertices {
      x: 861
      y: 545
    }
  }
}
full_text_annotation {
  pages {
    width: 3702
    height: 1566
    blocks {
      bounding_box {
        vertices {
          x: 908
          y: 168
        }
        vertices {
          x: 2122
          y: 318
        }
        vertices {
          x: 2075
          y: 695
        }
        vertices {
          x: 861
          y: 545
        }
      }
      paragraphs {
        bounding_box {
          vertices {
            x: 908
            y: 168
          }
          vertices {
            x: 2122
            y: 318
          }
          vertices {
            x: 2075
            y: 695
          }
          vertices {
            x: 861
            y: 545
          }
        }
        words {
          bounding_box {
            vertices {
              x: 908
              y: 168
            }
            vertices {
              x: 2122
              y: 318
            }
            vertices {
              x: 2075
              y: 695
            }
            vertices {
              x: 861
              y: 545
            }
          }
          symbols {
            bounding_box {
              vertices {
                x: 908
                y: 168
              }
              vertices {
                x: 1414
                y: 231
              }
              vertices {
                x: 1367
                y: 608
              }
              vertices {
                x: 861
                y: 545
              }
            }
            text: "み"
            confidence: 0.968529224
          }
          symbols {
            bounding_box {
              vertices {
                x: 1525
                y: 244
              }
              vertices {
                x: 1920
                y: 293
              }
              vertices {
                x: 1873
                y: 670
              }
              vertices {
                x: 1478
                y: 621
              }
            }
            text: "し"
            confidence: 0.922546685
          }
          symbols {
            property {
              detected_break {
                type_: LINE_BREAK
              }
            }
            bounding_box {
              vertices {
                x: 1645
                y: 259
              }
              vertices {
                x: 2121
                y: 318
              }
              vertices {
                x: 2075
                y: 695
              }
              vertices {
                x: 1598
                y: 636
              }
            }
            text: "ま"
            confidence: 0.95267427
          }
          confidence: 0.947916746
        }
        confidence: 0.947916746
      }
      block_type: TEXT
      confidence: 0.947916746
    }
    confidence: 0.947916746
  }
  text: "みしま"
}

2025-02-18 18:53:14,716 [INFO] routes.ocr:109 - 抽出されたテキスト: みしま
2025-02-18 18:53:14,717 [INFO] root:52 - Request method: POST
2025-02-18 18:53:14,717 [INFO] root:53 - Request headers: Host: localhost:5001
Connection: close
Content-Length: 149239
Sec-Ch-Ua-Platform: "macOS"
User-Agent: Mozilla/5.0 (Macintosh; Intel Mac OS X 10_15_7) AppleWebKit/537.36 (KHTML, like Gecko) Chrome/133.0.0.0 Safari/537.36
Accept: application/json, text/plain, */*
Sec-Ch-Ua: "Not(A:Brand";v="99", "Google Chrome";v="133", "Chromium";v="133"
Content-Type: application/json
Sec-Ch-Ua-Mobile: ?0
Origin: http://localhost:3000
Sec-Fetch-Site: same-origin
Sec-Fetch-Mode: cors
Sec-Fetch-Dest: empty
Referer: http://localhost:3000/edit/1
Accept-Encoding: gzip, deflate, br, zstd
Accept-Language: ja
Cookie: mp_9c85fda7212d269ea46c3f6a57ba69ca_mixpanel=%7B%22distinct_id%22%3A%20%22fe77e94b-e745-45c3-a267-d0589b905428%22%2C%22%24device_id%22%3A%20%221950a075f7a5a9-034d735846e988-1c525636-2b1100-1950a075f7a5a9%22%2C%22%24initial_referrer%22%3A%20%22http%3A%2F%2Flocalhost%3A3000%2F%22%2C%22%24initial_referring_domain%22%3A%20%22localhost%3A3000%22%2C%22__mps%22%3A%20%7B%7D%2C%22__mpso%22%3A%20%7B%7D%2C%22__mpus%22%3A%20%7B%7D%2C%22__mpa%22%3A%20%7B%7D%2C%22__mpu%22%3A%20%7B%7D%2C%22__mpr%22%3A%20%5B%5D%2C%22__mpap%22%3A%20%5B%5D%2C%22%24user_id%22%3A%20%22fe77e94b-e745-45c3-a267-d0589b905428%22%7D


2025-02-18 18:53:14,717 [INFO] werkzeug:97 - 127.0.0.1 - - [18/Feb/2025 18:53:14] "POST /api/notes/1/pages/1/ocr HTTP/1.1" 200 -
2025-02-18 18:53:15,356 [INFO] root:52 - Request method: POST
2025-02-18 18:53:15,357 [INFO] root:53 - Request headers: Host: localhost:5001
Connection: close
Content-Length: 102
Sec-Ch-Ua-Platform: "macOS"
User-Agent: Mozilla/5.0 (Macintosh; Intel Mac OS X 10_15_7) AppleWebKit/537.36 (KHTML, like Gecko) Chrome/133.0.0.0 Safari/537.36
Sec-Ch-Ua: "Not(A:Brand";v="99", "Google Chrome";v="133", "Chromium";v="133"
Content-Type: application/json
Sec-Ch-Ua-Mobile: ?0
Accept: */*
Origin: http://localhost:3000
Sec-Fetch-Site: same-origin
Sec-Fetch-Mode: cors
Sec-Fetch-Dest: empty
Referer: http://localhost:3000/edit/1
Accept-Encoding: gzip, deflate, br, zstd
Accept-Language: ja
Cookie: mp_9c85fda7212d269ea46c3f6a57ba69ca_mixpanel=%7B%22distinct_id%22%3A%20%22fe77e94b-e745-45c3-a267-d0589b905428%22%2C%22%24device_id%22%3A%20%221950a075f7a5a9-034d735846e988-1c525636-2b1100-1950a075f7a5a9%22%2C%22%24initial_referrer%22%3A%20%22http%3A%2F%2Flocalhost%3A3000%2F%22%2C%22%24initial_referring_domain%22%3A%20%22localhost%3A3000%22%2C%22__mps%22%3A%20%7B%7D%2C%22__mpso%22%3A%20%7B%7D%2C%22__mpus%22%3A%20%7B%7D%2C%22__mpa%22%3A%20%7B%7D%2C%22__mpu%22%3A%20%7B%7D%2C%22__mpr%22%3A%20%5B%5D%2C%22__mpap%22%3A%20%5B%5D%2C%22%24user_id%22%3A%20%22fe77e94b-e745-45c3-a267-d0589b905428%22%7D


2025-02-18 18:53:15,357 [INFO] werkzeug:97 - 127.0.0.1 - - [18/Feb/2025 18:53:15] "POST /api/tts HTTP/1.1" 200 -
2025-02-18 18:53:17,201 [INFO] sqlalchemy.engine.Engine:2690 - BEGIN (implicit)
2025-02-18 18:53:17,205 [INFO] sqlalchemy.engine.Engine:1848 - SELECT notes.id AS notes_id, notes.title AS notes_title, notes.main_category AS notes_main_category, notes.sub_category AS notes_sub_category, notes.created_at AS notes_created_at, notes.updated_at AS notes_updated_at 
FROM notes ORDER BY notes.created_at DESC
2025-02-18 18:53:17,205 [INFO] sqlalchemy.engine.Engine:1848 - [cached since 129s ago] ()
2025-02-18 18:53:17,206 [INFO] sqlalchemy.engine.Engine:2693 - ROLLBACK
2025-02-18 18:53:17,207 [INFO] root:52 - Request method: GET
2025-02-18 18:53:17,207 [INFO] root:53 - Request headers: Host: localhost:5001
Connection: close
Sec-Ch-Ua-Platform: "macOS"
User-Agent: Mozilla/5.0 (Macintosh; Intel Mac OS X 10_15_7) AppleWebKit/537.36 (KHTML, like Gecko) Chrome/133.0.0.0 Safari/537.36
Sec-Ch-Ua: "Not(A:Brand";v="99", "Google Chrome";v="133", "Chromium";v="133"
Sec-Ch-Ua-Mobile: ?0
Accept: */*
Sec-Fetch-Site: same-origin
Sec-Fetch-Mode: cors
Sec-Fetch-Dest: empty
Referer: http://localhost:3000/
Accept-Encoding: gzip, deflate, br, zstd
Accept-Language: ja
Cookie: mp_9c85fda7212d269ea46c3f6a57ba69ca_mixpanel=%7B%22distinct_id%22%3A%20%22fe77e94b-e745-45c3-a267-d0589b905428%22%2C%22%24device_id%22%3A%20%221950a075f7a5a9-034d735846e988-1c525636-2b1100-1950a075f7a5a9%22%2C%22%24initial_referrer%22%3A%20%22http%3A%2F%2Flocalhost%3A3000%2F%22%2C%22%24initial_referring_domain%22%3A%20%22localhost%3A3000%22%2C%22__mps%22%3A%20%7B%7D%2C%22__mpso%22%3A%20%7B%7D%2C%22__mpus%22%3A%20%7B%7D%2C%22__mpa%22%3A%20%7B%7D%2C%22__mpu%22%3A%20%7B%7D%2C%22__mpr%22%3A%20%5B%5D%2C%22__mpap%22%3A%20%5B%5D%2C%22%24user_id%22%3A%20%22fe77e94b-e745-45c3-a267-d0589b905428%22%7D


2025-02-18 18:53:17,207 [INFO] werkzeug:97 - 127.0.0.1 - - [18/Feb/2025 18:53:17] "GET /api/notes HTTP/1.1" 200 -
2025-02-18 18:53:17,213 [INFO] sqlalchemy.engine.Engine:2690 - BEGIN (implicit)
2025-02-18 18:53:17,213 [INFO] sqlalchemy.engine.Engine:1848 - SELECT notes.id AS notes_id, notes.title AS notes_title, notes.main_category AS notes_main_category, notes.sub_category AS notes_sub_category, notes.created_at AS notes_created_at, notes.updated_at AS notes_updated_at 
FROM notes ORDER BY notes.created_at DESC
2025-02-18 18:53:17,214 [INFO] sqlalchemy.engine.Engine:1848 - [cached since 129s ago] ()
2025-02-18 18:53:17,215 [INFO] sqlalchemy.engine.Engine:2693 - ROLLBACK
2025-02-18 18:53:17,215 [INFO] root:52 - Request method: GET
2025-02-18 18:53:17,215 [INFO] root:53 - Request headers: Host: localhost:5001
Connection: close
Sec-Ch-Ua-Platform: "macOS"
User-Agent: Mozilla/5.0 (Macintosh; Intel Mac OS X 10_15_7) AppleWebKit/537.36 (KHTML, like Gecko) Chrome/133.0.0.0 Safari/537.36
Sec-Ch-Ua: "Not(A:Brand";v="99", "Google Chrome";v="133", "Chromium";v="133"
Sec-Ch-Ua-Mobile: ?0
Accept: */*
Sec-Fetch-Site: same-origin
Sec-Fetch-Mode: cors
Sec-Fetch-Dest: empty
Referer: http://localhost:3000/
Accept-Encoding: gzip, deflate, br, zstd
Accept-Language: ja
Cookie: mp_9c85fda7212d269ea46c3f6a57ba69ca_mixpanel=%7B%22distinct_id%22%3A%20%22fe77e94b-e745-45c3-a267-d0589b905428%22%2C%22%24device_id%22%3A%20%221950a075f7a5a9-034d735846e988-1c525636-2b1100-1950a075f7a5a9%22%2C%22%24initial_referrer%22%3A%20%22http%3A%2F%2Flocalhost%3A3000%2F%22%2C%22%24initial_referring_domain%22%3A%20%22localhost%3A3000%22%2C%22__mps%22%3A%20%7B%7D%2C%22__mpso%22%3A%20%7B%7D%2C%22__mpus%22%3A%20%7B%7D%2C%22__mpa%22%3A%20%7B%7D%2C%22__mpu%22%3A%20%7B%7D%2C%22__mpr%22%3A%20%5B%5D%2C%22__mpap%22%3A%20%5B%5D%2C%22%24user_id%22%3A%20%22fe77e94b-e745-45c3-a267-d0589b905428%22%7D


2025-02-18 18:53:17,215 [INFO] werkzeug:97 - 127.0.0.1 - - [18/Feb/2025 18:53:17] "GET /api/notes HTTP/1.1" 200 -
